SF:lib\services\crypto_service.dart
DA:10,4
DA:11,2
DA:13,2
DA:21,4
DA:22,2
DA:28,2
DA:29,4
DA:34,1
DA:35,1
DA:39,1
DA:47,2
DA:48,4
DA:49,4
DA:50,2
DA:54,2
DA:55,4
DA:56,4
DA:57,6
DA:58,4
DA:61,2
DA:62,2
DA:64,6
DA:65,1
DA:67,2
DA:68,6
DA:69,6
DA:70,2
DA:73,2
DA:75,4
DA:79,2
LF:30
LH:30
end_of_record
SF:lib\services\storage_service.dart
DA:14,1
DA:26,3
DA:27,1
DA:32,0
DA:34,0
DA:35,0
DA:37,0
DA:38,0
DA:39,0
DA:40,0
DA:43,1
DA:44,1
DA:45,1
DA:46,0
DA:47,0
DA:50,2
DA:51,1
DA:52,1
DA:55,0
DA:56,0
DA:57,0
DA:59,0
DA:62,1
DA:63,2
DA:64,1
DA:66,2
DA:67,3
DA:68,1
DA:70,1
DA:73,1
DA:74,1
DA:75,1
DA:77,2
DA:83,1
DA:91,1
DA:92,1
DA:94,1
DA:96,3
DA:98,2
DA:107,2
DA:108,2
DA:109,3
DA:111,1
DA:113,1
DA:115,2
DA:117,1
DA:119,3
DA:120,1
DA:122,1
DA:128,1
DA:129,2
DA:130,2
DA:133,3
DA:134,1
DA:135,1
DA:138,1
DA:142,2
DA:143,2
DA:145,1
DA:148,3
DA:151,1
DA:152,1
DA:153,1
DA:154,1
DA:155,1
DA:156,1
DA:157,1
DA:158,1
DA:160,1
DA:161,1
DA:164,1
DA:172,1
DA:174,0
DA:178,1
DA:182,2
DA:183,1
DA:184,0
DA:187,3
DA:189,2
DA:191,2
DA:192,1
DA:193,1
DA:194,1
DA:195,1
DA:198,2
DA:200,1
DA:201,1
DA:203,1
DA:206,0
DA:214,0
DA:216,2
DA:217,1
DA:219,1
DA:220,1
DA:222,1
DA:224,3
DA:228,1
DA:229,1
DA:230,2
DA:233,2
DA:241,1
DA:243,1
DA:244,1
DA:245,2
DA:251,1
DA:252,1
DA:253,1
DA:254,1
DA:257,2
DA:260,1
DA:261,2
DA:262,2
DA:263,1
DA:270,1
DA:272,1
DA:273,2
DA:276,1
DA:279,1
DA:280,1
DA:281,2
DA:282,3
DA:283,2
DA:286,1
DA:288,3
DA:289,1
DA:293,2
DA:294,1
DA:295,1
DA:296,1
DA:297,1
DA:298,1
DA:299,1
DA:301,2
DA:302,1
DA:305,1
DA:307,2
DA:308,1
DA:311,0
DA:313,0
DA:314,0
DA:316,0
DA:317,0
DA:320,0
DA:322,0
DA:325,1
DA:326,1
DA:327,2
DA:328,1
DA:331,1
DA:336,3
DA:337,2
DA:338,1
DA:341,2
DA:343,1
DA:344,1
DA:346,2
DA:347,3
DA:349,1
DA:351,4
DA:352,2
DA:356,1
DA:357,2
DA:358,3
DA:359,1
DA:361,3
DA:362,2
DA:367,1
DA:369,2
DA:370,1
DA:371,1
DA:374,0
DA:378,1
DA:379,1
DA:380,2
DA:381,3
DA:382,4
DA:383,2
DA:385,1
DA:388,1
DA:390,1
DA:391,2
DA:392,2
DA:393,1
DA:394,3
DA:395,1
DA:397,3
DA:398,1
DA:399,3
DA:400,2
DA:401,2
DA:405,1
DA:406,4
DA:408,1
DA:409,4
DA:412,0
DA:413,0
DA:415,0
DA:416,0
DA:418,0
LF:199
LH:169
end_of_record
SF:lib\widgets\entry_form.dart
DA:9,1
DA:10,1
DA:12,1
DA:13,1
DA:23,1
DA:25,1
DA:26,2
DA:27,5
DA:28,5
DA:29,5
DA:30,5
DA:34,1
DA:36,1
DA:37,3
DA:38,1
DA:39,1
DA:40,1
DA:41,1
DA:42,1
DA:43,1
DA:44,1
DA:45,1
DA:46,1
DA:47,1
DA:49,1
DA:50,1
DA:51,1
DA:54,1
DA:55,1
DA:56,1
DA:58,1
DA:59,1
DA:60,1
DA:62,1
DA:63,1
DA:69,1
DA:70,1
DA:71,3
DA:73,1
DA:74,1
DA:75,3
DA:76,5
DA:77,2
DA:78,1
DA:80,3
DA:81,3
DA:82,3
DA:83,2
DA:84,3
DA:87,3
DA:88,2
LF:51
LH:51
end_of_record
SF:lib\models\password_entry.dart
DA:12,2
DA:22,1
DA:23,1
DA:24,1
DA:25,1
DA:26,1
DA:27,1
DA:28,1
DA:30,3
DA:32,3
DA:36,2
DA:37,1
DA:38,1
DA:39,1
DA:40,1
DA:41,1
DA:42,1
DA:43,1
DA:46,1
DA:47,1
DA:49,3
DA:50,1
DA:53,1
DA:54,4
DA:55,1
LF:25
LH:25
end_of_record
